<?xml version="1.0" encoding="UTF-8"?>
<testsuite xmlns:xsi="http://www.w3.org/2001/XMLSchema-instance" xsi:noNamespaceSchemaLocation="https://maven.apache.org/surefire/maven-surefire-plugin/xsd/surefire-test-report-3.0.xsd" version="3.0" name="TestSuite" time="52.442" tests="3" errors="0" skipped="0" failures="1">
  <properties>
[...]
</properties>
  <testcase name="testLoginSuccessfully" classname="tests.LoginTests" time="12.563"/>
  <testcase name="testLoginUnSuccessfully" classname="tests.LoginTests" time="12.26"/>
  <testcase name="testSignUpSuccessfully" classname="tests.SignUpTests" time="22.255">
    <failure message="Expected condition failed: waiting for visibility of Proxy element for: DefaultElementLocator &apos;By.xpath: //select[@name=&apos;title&apos;]&apos; (tried for 10 second(s) with 500 milliseconds interval)" type="org.openqa.selenium.TimeoutException"><![CDATA[org.openqa.selenium.TimeoutException: Expected condition failed: waiting for visibility of Proxy element for: DefaultElementLocator 'By.xpath: //select[@name='title']' (tried for 10 second(s) with 500 milliseconds interval)
	at tests.SignUpTests.testSignUpSuccessfully(SignUpTests.java:30)
Caused by: org.openqa.selenium.NoSuchElementException: 
no such element: Unable to locate element: {"method":"xpath","selector":"//select[@name='title']"}
  (Session info: chrome=79.0.3945.130)
For documentation on this error, please visit: https://www.seleniumhq.org/exceptions/no_such_element.html
Build info: version: '3.141.59', revision: 'e82be7d358', time: '2018-11-14T08:17:03'
System info: host: 'Zainabs-MacBook-Pro-2.local', ip: 'fe80:0:0:0:1455:82fd:b0c0:f780%en0', os.name: 'Mac OS X', os.arch: 'x86_64', os.version: '10.15.2', java.version: '1.8.0_201'
Driver info: org.openqa.selenium.chrome.ChromeDriver
Capabilities {acceptInsecureCerts: false, browserName: chrome, browserVersion: 79.0.3945.130, chrome: {chromedriverVersion: 78.0.3904.70 (edb9c9f3de024..., userDataDir: /var/folders/2n/f6lhvpqs24j...}, goog:chromeOptions: {debuggerAddress: localhost:54317}, javascriptEnabled: true, networkConnectionEnabled: false, pageLoadStrategy: normal, platform: MAC, platformName: MAC, proxy: Proxy(), setWindowRect: true, strictFileInteractability: false, timeouts: {implicit: 0, pageLoad: 300000, script: 30000}, unhandledPromptBehavior: dismiss and notify}
Session ID: 61682a2e099cebc155cc49fdcb7db414
*** Element info: {Using=xpath, value=//select[@name='title']}
	at tests.SignUpTests.testSignUpSuccessfully(SignUpTests.java:30)
]]></failure>
    <system-err><![CDATA[Starting ChromeDriver 78.0.3904.70 (edb9c9f3de0247fd912a77b7f6cae7447f6d3ad5-refs/branch-heads/3904@{#800}) on port 12029
Only local connections are allowed.
Please protect ports used by ChromeDriver and related test frameworks to prevent access by malicious code.
[1580495069.058][WARNING]: FromSockAddr failed on netmask
[1580495069.983][WARNING]: This version of ChromeDriver has not been tested with Chrome version 79.
Jan 31, 2020 7:24:30 PM org.openqa.selenium.remote.ProtocolHandshake createSession
INFO: Detected dialect: W3C
[main] INFO base.BaseTests - Browser initialized successfully
Starting ChromeDriver 78.0.3904.70 (edb9c9f3de0247fd912a77b7f6cae7447f6d3ad5-refs/branch-heads/3904@{#800}) on port 4015
Only local connections are allowed.
Please protect ports used by ChromeDriver and related test frameworks to prevent access by malicious code.
[1580495070.190][WARNING]: FromSockAddr failed on netmask
[1580495071.136][WARNING]: This version of ChromeDriver has not been tested with Chrome version 79.
Jan 31, 2020 7:24:31 PM org.openqa.selenium.remote.ProtocolHandshake createSession
INFO: Detected dialect: W3C
[main] INFO base.BaseTests - Browser initialized successfully
[main] INFO base.BaseTests - Home Page launched successfully
]]></system-err>
  </testcase>
</testsuite>